[DEBUG] - [12-04-2025 21:47:09] [main] [org.testng.TestNG] - suiteXmlPath: "C:\Users\HP\AppData\Local\JetBrains\IdeaIC2023.3\temp-testng-customsuite.xml"
[INFO] - [12-04-2025 21:47:11] [main] [Com.SwagLabs.Listeners.TestListener] - Test Execution Start 
[INFO] - [12-04-2025 21:47:11] [main] [Com.SwagLabs.Listeners.TestListener] - Loading properties file
[INFO] - [12-04-2025 21:47:11] [main] [Com.SwagLabs.Utils.propertiesUtils] - Properties loaded successfully
[INFO] - [12-04-2025 21:47:11] [main] [Com.SwagLabs.Listeners.TestListener] - File Loaded Correctly 
[INFO] - [12-04-2025 21:47:11] [main] [Com.SwagLabs.Listeners.TestListener] - Deleted Allure File
[WARN] - [12-04-2025 21:47:11] [main] [Com.SwagLabs.Utils.FileUtils] - Failed to delete file test-outputs\Logs\log_2025-04-12_21-47-09.log: The process cannot access the file because it is being used by another process
[INFO] - [12-04-2025 21:47:11] [main] [Com.SwagLabs.Listeners.TestListener] - Deleted Logs File
[INFO] - [12-04-2025 21:47:11] [main] [Com.SwagLabs.Listeners.TestListener] - Deleted ScreenShot File
[INFO] - [12-04-2025 21:47:11] [main] [org.testng.internal.Utils] - [TestNG] Running:
  C:\Users\HP\AppData\Local\JetBrains\IdeaIC2023.3\temp-testng-customsuite.xml

[ERROR] - [12-04-2025 21:47:19] [main] [io.qameta.allure.util.NamingUtils] - Could not find parameter PropertiesUtils
[DEBUG] - [12-04-2025 21:47:21] [main] [com.jayway.jsonpath.internal.path.CompiledPath] - Evaluating path: $['valid_data']['username']
[INFO] - [12-04-2025 21:47:21] [main] [Com.SwagLabs.Utils.ElementActions] - Wait Element To Be Clickable By.id: user-name
[INFO] - [12-04-2025 21:47:21] [main] [Com.SwagLabs.Utils.ElementActions] - Scroll to the element By.id: user-name
[INFO] - [12-04-2025 21:47:21] [main] [Com.SwagLabs.Utils.ElementActions] - Enter Data : standard_user  By.id: user-name
[DEBUG] - [12-04-2025 21:47:21] [main] [com.jayway.jsonpath.internal.path.CompiledPath] - Evaluating path: $['valid_data']['Password']
[INFO] - [12-04-2025 21:47:21] [main] [Com.SwagLabs.Utils.ElementActions] - Wait Element To Be Clickable By.id: password
[INFO] - [12-04-2025 21:47:21] [main] [Com.SwagLabs.Utils.ElementActions] - Scroll to the element By.id: password
[INFO] - [12-04-2025 21:47:22] [main] [Com.SwagLabs.Utils.ElementActions] - Enter Data : secret_sauce  By.id: password
[INFO] - [12-04-2025 21:47:22] [main] [Com.SwagLabs.Utils.ElementActions] - Wait Element To Be Clickable By.id: login-button
[INFO] - [12-04-2025 21:47:22] [main] [Com.SwagLabs.Utils.ElementActions] - Scroll to the element By.id: login-button
[INFO] - [12-04-2025 21:47:22] [main] [Com.SwagLabs.Utils.ElementActions] - Click on the element By.id: login-button
[INFO] - [12-04-2025 21:47:26] [main] [Com.SwagLabs.Utils.ScreenShotUtils] - ScreenShot taken successfully
[INFO] - [12-04-2025 21:47:27] [main] [Com.SwagLabs.Listeners.TestListener] - Test LoginWithValidCredentials Successfully Passed
[ERROR] - [12-04-2025 21:47:27] [main] [io.qameta.allure.AllureLifecycle] - Could not start step: no test case running
[ERROR] - [12-04-2025 21:47:27] [main] [io.qameta.allure.AllureLifecycle] - Could not update step: no step running
[ERROR] - [12-04-2025 21:47:27] [main] [io.qameta.allure.AllureLifecycle] - Could not stop step: no step running
[ERROR] - [12-04-2025 21:47:27] [main] [io.qameta.allure.AllureLifecycle] - Could not add attachment: no test is running
[INFO] - [12-04-2025 21:47:27] [main] [Com.SwagLabs.Utils.ScreenShotUtils] - ScreenShot taken successfully
[DEBUG] - [12-04-2025 21:47:27] [main] [com.jayway.jsonpath.internal.path.CompiledPath] - Evaluating path: $['products']['item1']['name']
[INFO] - [12-04-2025 21:47:27] [main] [Com.SwagLabs.Pages.HomePage] - Adding Sauce Labs Backpackto cart 
[INFO] - [12-04-2025 21:47:27] [main] [Com.SwagLabs.Utils.ElementActions] - Wait Element To Be Clickable [unknown locator]
[INFO] - [12-04-2025 21:47:27] [main] [Com.SwagLabs.Utils.ElementActions] - Scroll to the element [unknown locator]
[INFO] - [12-04-2025 21:47:27] [main] [Com.SwagLabs.Utils.ElementActions] - Click on the element [unknown locator]
[INFO] - [12-04-2025 21:47:28] [main] [Com.SwagLabs.Pages.HomePage] - Product name :Sauce Labs Backpack Added Correctly To Cart
[DEBUG] - [12-04-2025 21:47:28] [main] [com.jayway.jsonpath.internal.path.CompiledPath] - Evaluating path: $['products']['item2']['name']
[INFO] - [12-04-2025 21:47:28] [main] [Com.SwagLabs.Pages.HomePage] - Adding Sauce Labs Bike Lightto cart 
[INFO] - [12-04-2025 21:47:28] [main] [Com.SwagLabs.Utils.ElementActions] - Wait Element To Be Clickable [unknown locator]
[INFO] - [12-04-2025 21:47:28] [main] [Com.SwagLabs.Utils.ElementActions] - Scroll to the element [unknown locator]
[INFO] - [12-04-2025 21:47:28] [main] [Com.SwagLabs.Utils.ElementActions] - Click on the element [unknown locator]
[INFO] - [12-04-2025 21:47:28] [main] [Com.SwagLabs.Pages.HomePage] - Product name :Sauce Labs Bike Light Added Correctly To Cart
[INFO] - [12-04-2025 21:47:28] [main] [Com.SwagLabs.Utils.ElementActions] - Wait Element To Be Clickable By.cssSelector: a[href="./cart.html"]
[INFO] - [12-04-2025 21:47:28] [main] [Com.SwagLabs.Utils.ElementActions] - Scroll to the element By.cssSelector: a[href="./cart.html"]
[INFO] - [12-04-2025 21:47:28] [main] [Com.SwagLabs.Utils.ElementActions] - Click on the element By.cssSelector: a[href="./cart.html"]
[DEBUG] - [12-04-2025 21:47:29] [main] [com.jayway.jsonpath.internal.path.CompiledPath] - Evaluating path: $['products']['item2']['name']
[INFO] - [12-04-2025 21:47:29] [main] [Com.SwagLabs.Utils.ElementActions] - Wait Element To Be Clickable [unknown locator]
[INFO] - [12-04-2025 21:47:29] [main] [Com.SwagLabs.Utils.ElementActions] - Scroll to the element [unknown locator]
[INFO] - [12-04-2025 21:47:29] [main] [Com.SwagLabs.Utils.ElementActions] - Click on the element [unknown locator]
[INFO] - [12-04-2025 21:47:29] [main] [Com.SwagLabs.Utils.ScreenShotUtils] - ScreenShot taken successfully
